<?xml version="1.0" encoding="utf-8"?><testsuites name="pytest tests"><testsuite name="pytest" errors="0" failures="0" skipped="0" tests="3" time="1.541" timestamp="2026-07-16T17:23:59.651108+00:00" hostname="agent-env-aafdc377-0b2b-4307-98fe-f6597e5437aa"><testcase classname="tests.test_bulk_import" name="test_bulk_no_auth_returns_401" time="0.347" /><testcase classname="tests.test_bulk_import" name="test_bulk_empty_array_returns_400" time="0.455" /><testcase classname="tests.test_bulk_import" name="test_bulk_insert_and_verify" time="0.264" /></testsuite></testsuites>