<?xml version="1.0" encoding="utf-8"?><testsuites name="pytest tests"><testsuite name="pytest" errors="0" failures="0" skipped="2" tests="9" time="2.083" timestamp="2026-07-16T17:54:29.076735+00:00" hostname="agent-env-aafdc377-0b2b-4307-98fe-f6597e5437aa"><testcase classname="tests.test_catalog_share.TestCatalogUpdate" name="test_put_updates_catalog" time="0.780" /><testcase classname="tests.test_catalog_share.TestCatalogShare" name="test_share_idempotent" time="0.793" /><testcase classname="tests.test_catalog_share.TestCatalogUpdate" name="test_put_requires_auth" time="0.134" /><testcase classname="tests.test_catalog_share.TestCatalogShare" name="test_public_fetch_without_auth" time="0.162" /><testcase classname="tests.test_catalog_share.TestCatalogDuplicate" name="test_duplicate_creates_copy" time="0.191" /><testcase classname="tests.test_catalog_share.TestCatalogShare" name="test_public_fetch_wrong_token" time="0.084" /><testcase classname="tests.test_catalog_share.TestCatalogShare" name="test_file_access_via_share" time="0.127"><skipped type="pytest.skip" message="No product image path available to test">/app/backend/tests/test_catalog_share.py:119: No product image path available to test</skipped></testcase><testcase classname="tests.test_catalog_share.TestCatalogShare" name="test_file_access_invalid_share_token" time="0.155"><skipped type="pytest.skip" message="no image">/app/backend/tests/test_catalog_share.py:133: no image</skipped></testcase><testcase classname="tests.test_catalog_share.TestCatalogShare" name="test_unshare" time="0.261" /></testsuite></testsuites>