<?xml version="1.0" encoding="utf-8"?><testsuites name="pytest tests"><testsuite name="pytest" errors="0" failures="0" skipped="0" tests="4" time="2.119" timestamp="2026-07-16T18:13:23.209827+00:00" hostname="agent-env-aafdc377-0b2b-4307-98fe-f6597e5437aa"><testcase classname="tests.test_no_limits" name="test_bulk_insert_and_list_no_limit" time="0.760" /><testcase classname="tests.test_no_limits" name="test_list_catalogs_no_limit" time="0.088" /><testcase classname="tests.test_no_limits" name="test_edit_image_path_persistence" time="0.722" /><testcase classname="tests.test_no_limits" name="test_regression_auth_me" time="0.038" /></testsuite></testsuites>