<?xml version="1.0" encoding="utf-8"?><testsuites name="pytest tests"><testsuite name="pytest" errors="0" failures="0" skipped="0" tests="6" time="1.606" timestamp="2026-07-16T18:39:58.660312+00:00" hostname="agent-env-aafdc377-0b2b-4307-98fe-f6597e5437aa"><testcase classname="tests.test_product_quantity" name="test_create_product_with_quantity" time="0.395" /><testcase classname="tests.test_product_quantity" name="test_create_product_null_quantity" time="0.087" /><testcase classname="tests.test_product_quantity" name="test_update_quantity" time="0.173" /><testcase classname="tests.test_product_quantity" name="test_list_products_returns_quantity_field" time="0.130" /><testcase classname="tests.test_product_quantity" name="test_bulk_import_quantity_aliases" time="0.218" /><testcase classname="tests.test_product_quantity" name="test_catalog_settings_new_fields_roundtrip" time="0.130" /></testsuite></testsuites>