<?xml version="1.0" encoding="utf-8"?><testsuites name="pytest tests"><testsuite name="pytest" errors="0" failures="0" skipped="0" tests="5" time="1.789" timestamp="2026-07-16T23:14:07.527816+00:00" hostname="agent-env-aafdc377-0b2b-4307-98fe-f6597e5437aa"><testcase classname="tests.test_price_label" name="test_create_with_price_label[]" time="0.411" /><testcase classname="tests.test_price_label" name="test_create_with_price_label[included]" time="0.070" /><testcase classname="tests.test_price_label" name="test_create_with_price_label[plus]" time="0.107" /><testcase classname="tests.test_price_label" name="test_update_price_label_roundtrip" time="0.222" /><testcase classname="tests.test_price_label" name="test_create_without_price_label_defaults_ok" time="0.627" /></testsuite></testsuites>