<?xml version="1.0" encoding="utf-8"?><testsuites name="pytest tests"><testsuite name="pytest" errors="0" failures="0" skipped="0" tests="4" time="1.322" timestamp="2026-07-16T23:26:02.367020+00:00" hostname="agent-env-aafdc377-0b2b-4307-98fe-f6597e5437aa"><testcase classname="tests.test_vat_rate" name="test_create_product_with_vat_rate" time="0.482" /><testcase classname="tests.test_vat_rate" name="test_create_product_null_vat_rate" time="0.033" /><testcase classname="tests.test_vat_rate" name="test_update_product_vat_rate" time="0.211" /><testcase classname="tests.test_vat_rate" name="test_list_products_returns_vat_rate" time="0.252" /></testsuite></testsuites>